This is pdfTeX, Version 3.1415926-2.5-1.40.14 (MiKTeX 2.9 64-bit) (preloaded format=pdflatex 2015.7.5)  24 AUG 2015 20:06
entering extended mode
**D:/cov*ops/IIITD/CSE648*-*Privacy*and*Security*in*Online*Social*Media/Home*As
signment*1/result.tex

("D:/cov ops/IIITD/CSE648 - Privacy and Security in Online Social Media/Home As
signment 1/result.tex"
LaTeX2e <2011/06/27>
Babel <v3.8m> and hyphenation patterns for english, afrikaans, ancientgreek, ar
abic, armenian, assamese, basque, bengali, bokmal, bulgarian, catalan, coptic, 
croatian, czech, danish, dutch, esperanto, estonian, farsi, finnish, french, ga
lician, german, german-x-2013-05-26, greek, gujarati, hindi, hungarian, iceland
ic, indonesian, interlingua, irish, italian, kannada, kurmanji, latin, latvian,
 lithuanian, malayalam, marathi, mongolian, mongolianlmc, monogreek, ngerman, n
german-x-2013-05-26, nynorsk, oriya, panjabi, pinyin, polish, portuguese, roman
ian, russian, sanskrit, serbian, slovak, slovenian, spanish, swedish, swissgerm
an, tamil, telugu, turkish, turkmen, ukenglish, ukrainian, uppersorbian, usengl
ishmax, welsh, loaded.
("C:\Program Files\MiKTeX 2.9\tex\latex\koma-script\scrartcl.cls"
Document Class: scrartcl 2015/05/06 v3.17a KOMA-Script document class (article)

("C:\Program Files\MiKTeX 2.9\tex\latex\koma-script\scrkbase.sty"
Package: scrkbase 2015/05/06 v3.17a KOMA-Script package (KOMA-Script-dependent 
basics and keyval usage)

("C:\Program Files\MiKTeX 2.9\tex\latex\koma-script\scrbase.sty"
Package: scrbase 2015/05/06 v3.17a KOMA-Script package (KOMA-Script-independent
 basics and keyval usage)

("C:\Program Files\MiKTeX 2.9\tex\latex\graphics\keyval.sty"
Package: keyval 1999/03/16 v1.13 key=value parser (DPC)
\KV@toks@=\toks14
)
("C:\Program Files\MiKTeX 2.9\tex\latex\koma-script\scrlfile.sty"
Package: scrlfile 2015/05/06 v3.17a KOMA-Script package (loading files)

Package scrlfile, 2015/05/06 v3.17a KOMA-Script package (loading files)
                  Copyright (C) Markus Kohm

))) ("C:\Program Files\MiKTeX 2.9\tex\latex\koma-script\tocbasic.sty"
Package: tocbasic 2015/05/06 v3.17a KOMA-Script package (handling toc-files)
)
Package tocbasic Info: omitting babel extension for `toc'
(tocbasic)             because of feature `nobabel' available
(tocbasic)             for `toc' on input line 122.
Package tocbasic Info: omitting babel extension for `lof'
(tocbasic)             because of feature `nobabel' available
(tocbasic)             for `lof' on input line 123.
Package tocbasic Info: omitting babel extension for `lot'
(tocbasic)             because of feature `nobabel' available
(tocbasic)             for `lot' on input line 124.
Class scrartcl Info: File `scrsize11pt.clo' used to setup font sizes on input l
ine 1942.

("C:\Program Files\MiKTeX 2.9\tex\latex\koma-script\scrsize11pt.clo"
File: scrsize11pt.clo 2015/05/06 v3.17a KOMA-Script font size class option (11p
t)
)
("C:\Program Files\MiKTeX 2.9\tex\latex\koma-script\typearea.sty"
Package: typearea 2015/05/06 v3.17a KOMA-Script package (type area)

Package typearea, 2015/05/06 v3.17a KOMA-Script package (type area)
                  Copyright (C) Frank Neukam, 1992-1994
                  Copyright (C) Markus Kohm, 1994-

\ta@bcor=\skip41
\ta@div=\count79
\ta@hblk=\skip42
\ta@vblk=\skip43
\ta@temp=\skip44
\footheight=\skip45
Package typearea Info: These are the values describing the layout:
(typearea)             DIV  = 10
(typearea)             BCOR = 0.0pt
(typearea)             \paperwidth      = 597.50793pt
(typearea)              \textwidth      = 418.25555pt
(typearea)              DIV departure   = -6%
(typearea)              \evensidemargin = 17.3562pt
(typearea)              \oddsidemargin  = 17.3562pt
(typearea)             \paperheight     = 845.04694pt
(typearea)              \textheight     = 595.80026pt
(typearea)              \topmargin      = -25.16531pt
(typearea)              \headheight     = 17.0pt
(typearea)              \headsep        = 20.40001pt
(typearea)              \topskip        = 11.0pt
(typearea)              \footskip       = 47.6pt
(typearea)              \baselineskip   = 13.6pt
(typearea)              on input line 1485.
)
\c@part=\count80
\c@section=\count81
\c@subsection=\count82
\c@subsubsection=\count83
\c@paragraph=\count84
\c@subparagraph=\count85
\abovecaptionskip=\skip46
\belowcaptionskip=\skip47
\c@pti@nb@sid@b@x=\box26
\c@figure=\count86
\c@table=\count87
\bibindent=\dimen102
) ("C:\Program Files\MiKTeX 2.9\tex\latex\base\fontenc.sty"
Package: fontenc 2005/09/27 v1.99g Standard LaTeX package

("C:\Program Files\MiKTeX 2.9\tex\latex\base\t1enc.def"
File: t1enc.def 2005/09/27 v1.99g Standard LaTeX file
LaTeX Font Info:    Redeclaring font encoding T1 on input line 43.
))
("C:\Program Files\MiKTeX 2.9\tex\latex\fourier\fourier.sty"
Package: fourier 2005/01/01 1.4 fourier-GUTenberg package

("C:\Program Files\MiKTeX 2.9\tex\latex\base\fontenc.sty"
Package: fontenc 2005/09/27 v1.99g Standard LaTeX package

("C:\Program Files\MiKTeX 2.9\tex\latex\base\t1enc.def"
File: t1enc.def 2005/09/27 v1.99g Standard LaTeX file
LaTeX Font Info:    Redeclaring font encoding T1 on input line 43.
))
("C:\Program Files\MiKTeX 2.9\tex\latex\base\textcomp.sty"
Package: textcomp 2005/09/27 v1.99g Standard LaTeX package
Package textcomp Info: Sub-encoding information:
(textcomp)               5 = only ISO-Adobe without \textcurrency
(textcomp)               4 = 5 + \texteuro
(textcomp)               3 = 4 + \textohm
(textcomp)               2 = 3 + \textestimated + \textcurrency
(textcomp)               1 = TS1 - \textcircled - \t
(textcomp)               0 = TS1 (full)
(textcomp)             Font families with sub-encoding setting implement
(textcomp)             only a restricted character set as indicated.
(textcomp)             Family '?' is the default used for unknown fonts.
(textcomp)             See the documentation for details.
Package textcomp Info: Setting ? sub-encoding to TS1/1 on input line 71.

("C:\Program Files\MiKTeX 2.9\tex\latex\base\ts1enc.def"
File: ts1enc.def 2001/06/05 v3.0e (jk/car/fm) Standard LaTeX file
)
LaTeX Info: Redefining \oldstylenums on input line 266.
Package textcomp Info: Setting cmr sub-encoding to TS1/0 on input line 281.
Package textcomp Info: Setting cmss sub-encoding to TS1/0 on input line 282.
Package textcomp Info: Setting cmtt sub-encoding to TS1/0 on input line 283.
Package textcomp Info: Setting cmvtt sub-encoding to TS1/0 on input line 284.
Package textcomp Info: Setting cmbr sub-encoding to TS1/0 on input line 285.
Package textcomp Info: Setting cmtl sub-encoding to TS1/0 on input line 286.
Package textcomp Info: Setting ccr sub-encoding to TS1/0 on input line 287.
Package textcomp Info: Setting ptm sub-encoding to TS1/4 on input line 288.
Package textcomp Info: Setting pcr sub-encoding to TS1/4 on input line 289.
Package textcomp Info: Setting phv sub-encoding to TS1/4 on input line 290.
Package textcomp Info: Setting ppl sub-encoding to TS1/3 on input line 291.
Package textcomp Info: Setting pag sub-encoding to TS1/4 on input line 292.
Package textcomp Info: Setting pbk sub-encoding to TS1/4 on input line 293.
Package textcomp Info: Setting pnc sub-encoding to TS1/4 on input line 294.
Package textcomp Info: Setting pzc sub-encoding to TS1/4 on input line 295.
Package textcomp Info: Setting bch sub-encoding to TS1/4 on input line 296.
Package textcomp Info: Setting put sub-encoding to TS1/5 on input line 297.
Package textcomp Info: Setting uag sub-encoding to TS1/5 on input line 298.
Package textcomp Info: Setting ugq sub-encoding to TS1/5 on input line 299.
Package textcomp Info: Setting ul8 sub-encoding to TS1/4 on input line 300.
Package textcomp Info: Setting ul9 sub-encoding to TS1/4 on input line 301.
Package textcomp Info: Setting augie sub-encoding to TS1/5 on input line 302.
Package textcomp Info: Setting dayrom sub-encoding to TS1/3 on input line 303.
Package textcomp Info: Setting dayroms sub-encoding to TS1/3 on input line 304.

Package textcomp Info: Setting pxr sub-encoding to TS1/0 on input line 305.
Package textcomp Info: Setting pxss sub-encoding to TS1/0 on input line 306.
Package textcomp Info: Setting pxtt sub-encoding to TS1/0 on input line 307.
Package textcomp Info: Setting txr sub-encoding to TS1/0 on input line 308.
Package textcomp Info: Setting txss sub-encoding to TS1/0 on input line 309.
Package textcomp Info: Setting txtt sub-encoding to TS1/0 on input line 310.
Package textcomp Info: Setting lmr sub-encoding to TS1/0 on input line 311.
Package textcomp Info: Setting lmdh sub-encoding to TS1/0 on input line 312.
Package textcomp Info: Setting lmss sub-encoding to TS1/0 on input line 313.
Package textcomp Info: Setting lmssq sub-encoding to TS1/0 on input line 314.
Package textcomp Info: Setting lmvtt sub-encoding to TS1/0 on input line 315.
Package textcomp Info: Setting qhv sub-encoding to TS1/0 on input line 316.
Package textcomp Info: Setting qag sub-encoding to TS1/0 on input line 317.
Package textcomp Info: Setting qbk sub-encoding to TS1/0 on input line 318.
Package textcomp Info: Setting qcr sub-encoding to TS1/0 on input line 319.
Package textcomp Info: Setting qcs sub-encoding to TS1/0 on input line 320.
Package textcomp Info: Setting qpl sub-encoding to TS1/0 on input line 321.
Package textcomp Info: Setting qtm sub-encoding to TS1/0 on input line 322.
Package textcomp Info: Setting qzc sub-encoding to TS1/0 on input line 323.
Package textcomp Info: Setting qhvc sub-encoding to TS1/0 on input line 324.
Package textcomp Info: Setting futs sub-encoding to TS1/4 on input line 325.
Package textcomp Info: Setting futx sub-encoding to TS1/4 on input line 326.
Package textcomp Info: Setting futj sub-encoding to TS1/4 on input line 327.
Package textcomp Info: Setting hlh sub-encoding to TS1/3 on input line 328.
Package textcomp Info: Setting hls sub-encoding to TS1/3 on input line 329.
Package textcomp Info: Setting hlst sub-encoding to TS1/3 on input line 330.
Package textcomp Info: Setting hlct sub-encoding to TS1/5 on input line 331.
Package textcomp Info: Setting hlx sub-encoding to TS1/5 on input line 332.
Package textcomp Info: Setting hlce sub-encoding to TS1/5 on input line 333.
Package textcomp Info: Setting hlcn sub-encoding to TS1/5 on input line 334.
Package textcomp Info: Setting hlcw sub-encoding to TS1/5 on input line 335.
Package textcomp Info: Setting hlcf sub-encoding to TS1/5 on input line 336.
Package textcomp Info: Setting pplx sub-encoding to TS1/3 on input line 337.
Package textcomp Info: Setting pplj sub-encoding to TS1/3 on input line 338.
Package textcomp Info: Setting ptmx sub-encoding to TS1/4 on input line 339.
Package textcomp Info: Setting ptmj sub-encoding to TS1/4 on input line 340.
)
("C:\Program Files\MiKTeX 2.9\tex\latex\fourier\fourier-orns.sty"
Package: fourier-orns 2004/01/30 1.1 fourier-ornaments package
)
LaTeX Font Info:    Redeclaring symbol font `operators' on input line 50.
LaTeX Font Info:    Encoding `OT1' has changed to `T1' for symbol font
(Font)              `operators' in the math version `normal' on input line 50.
LaTeX Font Info:    Overwriting symbol font `operators' in version `normal'
(Font)                  OT1/cmr/m/n --> T1/futs/m/n on input line 50.
LaTeX Font Info:    Encoding `OT1' has changed to `T1' for symbol font
(Font)              `operators' in the math version `bold' on input line 50.
LaTeX Font Info:    Overwriting symbol font `operators' in version `bold'
(Font)                  OT1/cmr/bx/n --> T1/futs/m/n on input line 50.
LaTeX Font Info:    Overwriting symbol font `operators' in version `bold'
(Font)                  T1/futs/m/n --> T1/futs/b/n on input line 51.
LaTeX Font Info:    Redeclaring symbol font `letters' on input line 59.
LaTeX Font Info:    Encoding `OML' has changed to `FML' for symbol font
(Font)              `letters' in the math version `normal' on input line 59.
LaTeX Font Info:    Overwriting symbol font `letters' in version `normal'
(Font)                  OML/cmm/m/it --> FML/futmi/m/it on input line 59.
LaTeX Font Info:    Encoding `OML' has changed to `FML' for symbol font
(Font)              `letters' in the math version `bold' on input line 59.
LaTeX Font Info:    Overwriting symbol font `letters' in version `bold'
(Font)                  OML/cmm/b/it --> FML/futmi/m/it on input line 59.
\symotherletters=\mathgroup4
LaTeX Font Info:    Overwriting symbol font `letters' in version `bold'
(Font)                  FML/futmi/m/it --> FML/futmi/b/it on input line 61.
LaTeX Font Info:    Overwriting symbol font `otherletters' in version `bold'
(Font)                  FML/futm/m/it --> FML/futm/b/it on input line 62.
LaTeX Font Info:    Redeclaring math symbol \Gamma on input line 63.
LaTeX Font Info:    Redeclaring math symbol \Delta on input line 64.
LaTeX Font Info:    Redeclaring math symbol \Theta on input line 65.
LaTeX Font Info:    Redeclaring math symbol \Lambda on input line 66.
LaTeX Font Info:    Redeclaring math symbol \Xi on input line 67.
LaTeX Font Info:    Redeclaring math symbol \Pi on input line 68.
LaTeX Font Info:    Redeclaring math symbol \Sigma on input line 69.
LaTeX Font Info:    Redeclaring math symbol \Upsilon on input line 70.
LaTeX Font Info:    Redeclaring math symbol \Phi on input line 71.
LaTeX Font Info:    Redeclaring math symbol \Psi on input line 72.
LaTeX Font Info:    Redeclaring math symbol \Omega on input line 73.
LaTeX Font Info:    Redeclaring symbol font `symbols' on input line 113.
LaTeX Font Info:    Encoding `OMS' has changed to `FMS' for symbol font
(Font)              `symbols' in the math version `normal' on input line 113.
LaTeX Font Info:    Overwriting symbol font `symbols' in version `normal'
(Font)                  OMS/cmsy/m/n --> FMS/futm/m/n on input line 113.
LaTeX Font Info:    Encoding `OMS' has changed to `FMS' for symbol font
(Font)              `symbols' in the math version `bold' on input line 113.
LaTeX Font Info:    Overwriting symbol font `symbols' in version `bold'
(Font)                  OMS/cmsy/b/n --> FMS/futm/m/n on input line 113.
LaTeX Font Info:    Redeclaring symbol font `largesymbols' on input line 114.
LaTeX Font Info:    Encoding `OMX' has changed to `FMX' for symbol font
(Font)              `largesymbols' in the math version `normal' on input line 1
14.
LaTeX Font Info:    Overwriting symbol font `largesymbols' in version `normal'
(Font)                  OMX/cmex/m/n --> FMX/futm/m/n on input line 114.
LaTeX Font Info:    Encoding `OMX' has changed to `FMX' for symbol font
(Font)              `largesymbols' in the math version `bold' on input line 114
.
LaTeX Font Info:    Overwriting symbol font `largesymbols' in version `bold'
(Font)                  OMX/cmex/m/n --> FMX/futm/m/n on input line 114.
LaTeX Font Info:    Redeclaring math alphabet \mathbf on input line 115.
LaTeX Font Info:    Overwriting math alphabet `\mathbf' in version `normal'
(Font)                  OT1/cmr/bx/n --> T1/futs/bx/n on input line 115.
LaTeX Font Info:    Overwriting math alphabet `\mathbf' in version `bold'
(Font)                  OT1/cmr/bx/n --> T1/futs/bx/n on input line 115.
LaTeX Font Info:    Redeclaring math alphabet \mathrm on input line 116.
LaTeX Font Info:    Redeclaring math alphabet \mathit on input line 117.
LaTeX Font Info:    Overwriting math alphabet `\mathit' in version `normal'
(Font)                  OT1/cmr/m/it --> T1/futs/m/it on input line 117.
LaTeX Font Info:    Overwriting math alphabet `\mathit' in version `bold'
(Font)                  OT1/cmr/bx/it --> T1/futs/m/it on input line 117.
LaTeX Font Info:    Redeclaring math alphabet \mathcal on input line 118.
LaTeX Font Info:    Redeclaring math symbol \parallel on input line 134.
LaTeX Font Info:    Redeclaring math symbol \hbar on input line 148.
LaTeX Font Info:    Redeclaring math symbol \varkappa on input line 186.
LaTeX Font Info:    Redeclaring math symbol \varvarrho on input line 187.
LaTeX Font Info:    Redeclaring math delimiter \Vert on input line 210.
LaTeX Font Info:    Redeclaring math delimiter \vert on input line 215.
LaTeX Font Info:    Redeclaring math delimiter \Downarrow on input line 225.
LaTeX Font Info:    Redeclaring math delimiter \backslash on input line 227.
LaTeX Font Info:    Redeclaring math delimiter \rangle on input line 229.
LaTeX Font Info:    Redeclaring math delimiter \langle on input line 231.
LaTeX Font Info:    Redeclaring math delimiter \rbrace on input line 233.
LaTeX Font Info:    Redeclaring math delimiter \lbrace on input line 235.
LaTeX Font Info:    Redeclaring math delimiter \rceil on input line 237.
LaTeX Font Info:    Redeclaring math delimiter \lceil on input line 239.
LaTeX Font Info:    Redeclaring math delimiter \rfloor on input line 241.
LaTeX Font Info:    Redeclaring math delimiter \lfloor on input line 243.
LaTeX Font Info:    Redeclaring math accent \acute on input line 247.
LaTeX Font Info:    Redeclaring math accent \grave on input line 248.
LaTeX Font Info:    Redeclaring math accent \ddot on input line 249.
LaTeX Font Info:    Redeclaring math accent \tilde on input line 250.
LaTeX Font Info:    Redeclaring math accent \bar on input line 251.
LaTeX Font Info:    Redeclaring math accent \breve on input line 252.
LaTeX Font Info:    Redeclaring math accent \check on input line 253.
LaTeX Font Info:    Redeclaring math accent \hat on input line 254.
LaTeX Font Info:    Redeclaring math accent \dot on input line 255.
LaTeX Font Info:    Redeclaring math accent \mathring on input line 256.
\symUfutm=\mathgroup5
)
("C:\Program Files\MiKTeX 2.9\tex\generic\babel\babel.sty"
Package: babel 2008/07/08 v3.8m The Babel package

*************************************
* Local config file bblopts.cfg used
*
("C:\Program Files\MiKTeX 2.9\tex\latex\00miktex\bblopts.cfg"
File: bblopts.cfg 2006/07/31 v1.0 MiKTeX 'babel' configuration
)
("C:\Program Files\MiKTeX 2.9\tex\generic\babel\english.ldf"
Language: english 2005/03/30 v3.3o English support from the babel system

("C:\Program Files\MiKTeX 2.9\tex\generic\babel\babel.def"
File: babel.def 2008/07/08 v3.8m Babel common definitions
\babel@savecnt=\count88
\U@D=\dimen103
)
\l@canadian = a dialect from \language\l@american 
\l@australian = a dialect from \language\l@british 
\l@newzealand = a dialect from \language\l@british 
))
("C:\Program Files\MiKTeX 2.9\tex\latex\amsmath\amsmath.sty"
Package: amsmath 2013/01/14 v2.14 AMS math features
\@mathmargin=\skip48

For additional information on amsmath, use the `?' option.
("C:\Program Files\MiKTeX 2.9\tex\latex\amsmath\amstext.sty"
Package: amstext 2000/06/29 v2.01

("C:\Program Files\MiKTeX 2.9\tex\latex\amsmath\amsgen.sty"
File: amsgen.sty 1999/11/30 v2.0
\@emptytoks=\toks15
\ex@=\dimen104
))
("C:\Program Files\MiKTeX 2.9\tex\latex\amsmath\amsbsy.sty"
Package: amsbsy 1999/11/29 v1.2d
\pmbraise@=\dimen105
)
("C:\Program Files\MiKTeX 2.9\tex\latex\amsmath\amsopn.sty"
Package: amsopn 1999/12/14 v2.01 operator names
)
\inf@bad=\count89
LaTeX Info: Redefining \frac on input line 210.
\uproot@=\count90
\leftroot@=\count91
LaTeX Info: Redefining \overline on input line 306.
\classnum@=\count92
\DOTSCASE@=\count93
LaTeX Info: Redefining \ldots on input line 378.
LaTeX Info: Redefining \dots on input line 381.
LaTeX Info: Redefining \cdots on input line 466.
\Mathstrutbox@=\box27
\strutbox@=\box28
\big@size=\dimen106
LaTeX Font Info:    Redeclaring font encoding OML on input line 566.
LaTeX Font Info:    Redeclaring font encoding OMS on input line 567.
\macc@depth=\count94
\c@MaxMatrixCols=\count95
\dotsspace@=\muskip10
\c@parentequation=\count96
\dspbrk@lvl=\count97
\tag@help=\toks16
\row@=\count98
\column@=\count99
\maxfields@=\count100
\andhelp@=\toks17
\eqnshift@=\dimen107
\alignsep@=\dimen108
\tagshift@=\dimen109
\tagwidth@=\dimen110
\totwidth@=\dimen111
\lineht@=\dimen112
\@envbody=\toks18
\multlinegap=\skip49
\multlinetaggap=\skip50
\mathdisplay@stack=\toks19
LaTeX Info: Redefining \[ on input line 2665.
LaTeX Info: Redefining \] on input line 2666.
)
("C:\Program Files\MiKTeX 2.9\tex\latex\amsfonts\amsfonts.sty"
Package: amsfonts 2013/01/14 v3.01 Basic AMSFonts support
\symAMSa=\mathgroup6
\symAMSb=\mathgroup7
LaTeX Font Info:    Overwriting math alphabet `\mathfrak' in version `bold'
(Font)                  U/euf/m/n --> U/euf/b/n on input line 106.
LaTeX Font Info:    Redeclaring math symbol \square on input line 141.
)
("C:\Program Files\MiKTeX 2.9\tex\latex\amscls\amsthm.sty"
Package: amsthm 2004/08/06 v2.20
\thm@style=\toks20
\thm@bodyfont=\toks21
\thm@headfont=\toks22
\thm@notefont=\toks23
\thm@headpunct=\toks24
\thm@preskip=\skip51
\thm@postskip=\skip52
\thm@headsep=\skip53
\dth@everypar=\toks25
)
("C:\Program Files\MiKTeX 2.9\tex\latex\graphics\graphicx.sty"
Package: graphicx 1999/02/16 v1.0f Enhanced LaTeX Graphics (DPC,SPQR)

("C:\Program Files\MiKTeX 2.9\tex\latex\graphics\graphics.sty"
Package: graphics 2009/02/05 v1.0o Standard LaTeX Graphics (DPC,SPQR)

("C:\Program Files\MiKTeX 2.9\tex\latex\graphics\trig.sty"
Package: trig 1999/03/16 v1.09 sin cos tan (DPC)
)
("C:\Program Files\MiKTeX 2.9\tex\latex\00miktex\graphics.cfg"
File: graphics.cfg 2007/01/18 v1.5 graphics configuration of teTeX/TeXLive
)
Package graphics Info: Driver file: pdftex.def on input line 91.

("C:\Program Files\MiKTeX 2.9\tex\latex\pdftex-def\pdftex.def"
File: pdftex.def 2011/05/27 v0.06d Graphics/color for pdfTeX

("C:\Program Files\MiKTeX 2.9\tex\generic\oberdiek\infwarerr.sty"
Package: infwarerr 2010/04/08 v1.3 Providing info/warning/error messages (HO)
)
("C:\Program Files\MiKTeX 2.9\tex\generic\oberdiek\ltxcmds.sty"
Package: ltxcmds 2011/11/09 v1.22 LaTeX kernel commands for general use (HO)
)
\Gread@gobject=\count101
))
\Gin@req@height=\dimen113
\Gin@req@width=\dimen114
)
("C:\Program Files\MiKTeX 2.9\tex\latex\hyperref\hyperref.sty"
Package: hyperref 2012/11/06 v6.83m Hypertext links for LaTeX

("C:\Program Files\MiKTeX 2.9\tex\generic\oberdiek\hobsub-hyperref.sty"
Package: hobsub-hyperref 2012/04/25 v1.12 Bundle oberdiek, subset hyperref (HO)


("C:\Program Files\MiKTeX 2.9\tex\generic\oberdiek\hobsub-generic.sty"
Package: hobsub-generic 2012/04/25 v1.12 Bundle oberdiek, subset generic (HO)
Package: hobsub 2012/04/25 v1.12 Construct package bundles (HO)
Package hobsub Info: Skipping package `infwarerr' (already loaded).
Package hobsub Info: Skipping package `ltxcmds' (already loaded).
Package: ifluatex 2010/03/01 v1.3 Provides the ifluatex switch (HO)
Package ifluatex Info: LuaTeX not detected.
Package: ifvtex 2010/03/01 v1.5 Detect VTeX and its facilities (HO)
Package ifvtex Info: VTeX not detected.
Package: intcalc 2007/09/27 v1.1 Expandable calculations with integers (HO)
Package: ifpdf 2011/01/30 v2.3 Provides the ifpdf switch (HO)
Package ifpdf Info: pdfTeX in PDF mode is detected.
Package: etexcmds 2011/02/16 v1.5 Avoid name clashes with e-TeX commands (HO)
Package etexcmds Info: Could not find \expanded.
(etexcmds)             That can mean that you are not using pdfTeX 1.50 or
(etexcmds)             that some package has redefined \expanded.
(etexcmds)             In the latter case, load this package earlier.
Package: kvsetkeys 2012/04/25 v1.16 Key value parser (HO)
Package: kvdefinekeys 2011/04/07 v1.3 Define keys (HO)
Package: pdftexcmds 2011/11/29 v0.20 Utility functions of pdfTeX for LuaTeX (HO
)
Package pdftexcmds Info: LuaTeX not detected.
Package pdftexcmds Info: \pdf@primitive is available.
Package pdftexcmds Info: \pdf@ifprimitive is available.
Package pdftexcmds Info: \pdfdraftmode found.
Package: pdfescape 2011/11/25 v1.13 Implements pdfTeX's escape features (HO)
Package: bigintcalc 2012/04/08 v1.3 Expandable calculations on big integers (HO
)
Package: bitset 2011/01/30 v1.1 Handle bit-vector datatype (HO)
Package: uniquecounter 2011/01/30 v1.2 Provide unlimited unique counter (HO)
)
Package hobsub Info: Skipping package `hobsub' (already loaded).
Package: letltxmacro 2010/09/02 v1.4 Let assignment for LaTeX macros (HO)
Package: hopatch 2011/06/24 v1.1 Wrapper for package hooks (HO)
Package: xcolor-patch 2011/01/30 xcolor patch
Package: atveryend 2011/06/30 v1.8 Hooks at the very end of document (HO)
Package atveryend Info: \enddocument detected (standard20110627).
Package: atbegshi 2011/10/05 v1.16 At begin shipout hook (HO)
Package: refcount 2011/10/16 v3.4 Data extraction from label references (HO)
Package: hycolor 2011/01/30 v1.7 Color options for hyperref/bookmark (HO)
)
("C:\Program Files\MiKTeX 2.9\tex\generic\ifxetex\ifxetex.sty"
Package: ifxetex 2010/09/12 v0.6 Provides ifxetex conditional
)
("C:\Program Files\MiKTeX 2.9\tex\latex\oberdiek\auxhook.sty"
Package: auxhook 2011/03/04 v1.3 Hooks for auxiliary files (HO)
)
("C:\Program Files\MiKTeX 2.9\tex\latex\oberdiek\kvoptions.sty"
Package: kvoptions 2011/06/30 v3.11 Key value format for package options (HO)
)
\@linkdim=\dimen115
\Hy@linkcounter=\count102
\Hy@pagecounter=\count103

("C:\Program Files\MiKTeX 2.9\tex\latex\hyperref\pd1enc.def"
File: pd1enc.def 2012/11/06 v6.83m Hyperref: PDFDocEncoding definition (HO)
)
\Hy@SavedSpaceFactor=\count104

("C:\Program Files\MiKTeX 2.9\tex\latex\00miktex\hyperref.cfg"
File: hyperref.cfg 2002/06/06 v1.2 hyperref configuration of TeXLive
)
Package hyperref Info: Hyper figures OFF on input line 4443.
Package hyperref Info: Link nesting OFF on input line 4448.
Package hyperref Info: Hyper index ON on input line 4451.
Package hyperref Info: Plain pages OFF on input line 4458.
Package hyperref Info: Backreferencing OFF on input line 4463.
Package hyperref Info: Implicit mode ON; LaTeX internals redefined.
Package hyperref Info: Bookmarks ON on input line 4688.
\c@Hy@tempcnt=\count105

("C:\Program Files\MiKTeX 2.9\tex\latex\url\url.sty"
\Urlmuskip=\muskip11
Package: url 2013/09/16  ver 3.4  Verb mode for urls, etc.
)
LaTeX Info: Redefining \url on input line 5041.
\XeTeXLinkMargin=\dimen116
\Fld@menulength=\count106
\Field@Width=\dimen117
\Fld@charsize=\dimen118
Package hyperref Info: Hyper figures OFF on input line 6295.
Package hyperref Info: Link nesting OFF on input line 6300.
Package hyperref Info: Hyper index ON on input line 6303.
Package hyperref Info: backreferencing OFF on input line 6310.
Package hyperref Info: Link coloring OFF on input line 6315.
Package hyperref Info: Link coloring with OCG OFF on input line 6320.
Package hyperref Info: PDF/A mode OFF on input line 6325.
LaTeX Info: Redefining \ref on input line 6365.
LaTeX Info: Redefining \pageref on input line 6369.
\Hy@abspage=\count107
\c@Item=\count108
\c@Hfootnote=\count109
)

Package hyperref Message: Driver (autodetected): hpdftex.

("C:\Program Files\MiKTeX 2.9\tex\latex\hyperref\hpdftex.def"
File: hpdftex.def 2012/11/06 v6.83m Hyperref driver for pdfTeX
\Fld@listcount=\count110
\c@bookmark@seq@number=\count111

("C:\Program Files\MiKTeX 2.9\tex\latex\oberdiek\rerunfilecheck.sty"
Package: rerunfilecheck 2011/04/15 v1.7 Rerun checks for auxiliary files (HO)
Package uniquecounter Info: New unique counter `rerunfilecheck' on input line 2
82.
)
\Hy@SectionHShift=\skip54
)
("C:\Program Files\MiKTeX 2.9\tex\latex\csvsimple\csvsimple.sty"
Package: csvsimple 2014/07/14 version 1.12 LaTeX CSV file processing

("C:\Program Files\MiKTeX 2.9\tex\latex\pgf\utilities\pgfkeys.sty"
("C:\Program Files\MiKTeX 2.9\tex\generic\pgf\utilities\pgfkeys.code.tex"
\pgfkeys@pathtoks=\toks26
\pgfkeys@temptoks=\toks27

("C:\Program Files\MiKTeX 2.9\tex\generic\pgf\utilities\pgfkeysfiltered.code.te
x"
\pgfkeys@tmptoks=\toks28
))) ("C:\Program Files\MiKTeX 2.9\tex\latex\base\ifthen.sty"
Package: ifthen 2001/05/26 v1.1c Standard LaTeX ifthen package (DPC)
)
\csv@file=\read1
\c@csvinputline=\count112
\c@csvrow=\count113
\c@csvcol=\count114
\csv@out=\write3
)
("C:\Program Files\MiKTeX 2.9\tex\latex\tools\verbatim.sty"
Package: verbatim 2003/08/22 v1.5q LaTeX2e package for verbatim enhancements
\every@verbatim=\toks29
\verbatim@line=\toks30
\verbatim@in@stream=\read2
)
("C:\Program Files\MiKTeX 2.9\tex\latex\sectsty\sectsty.sty"
Package: sectsty 2002/02/25 v2.0.2 Commands to change all sectional heading sty
les
)

Class scrartcl Warning: Usage of package `fancyhdr' together
(scrartcl)              with a KOMA-Script class is not recommended.
(scrartcl)              I'd suggest to use 
(scrartcl)              package `scrlayer-scrpage'.
(scrartcl)              Nevertheless, using requested
(scrartcl)              package `fancyhdr' on input line 19.

("C:\Program Files\MiKTeX 2.9\tex\latex\fancyhdr\fancyhdr.sty"
\fancy@headwidth=\skip55
\f@ncyO@elh=\skip56
\f@ncyO@erh=\skip57
\f@ncyO@olh=\skip58
\f@ncyO@orh=\skip59
\f@ncyO@elf=\skip60
\f@ncyO@erf=\skip61
\f@ncyO@olf=\skip62
\f@ncyO@orf=\skip63
)
("C:\Program Files\MiKTeX 2.9\tex\latex\listings\listings.sty"
\lst@mode=\count115
\lst@gtempboxa=\box29
\lst@token=\toks31
\lst@length=\count116
\lst@currlwidth=\dimen119
\lst@column=\count117
\lst@pos=\count118
\lst@lostspace=\dimen120
\lst@width=\dimen121
\lst@newlines=\count119
\lst@lineno=\count120
\lst@maxwidth=\dimen122

("C:\Program Files\MiKTeX 2.9\tex\latex\listings\lstmisc.sty"
File: lstmisc.sty 2015/06/04 1.6 (Carsten Heinz)
\c@lstnumber=\count121
\lst@skipnumbers=\count122
\lst@framebox=\box30
)
("C:\Program Files\MiKTeX 2.9\tex\latex\listings\listings.cfg"
File: listings.cfg 2015/06/04 1.6 listings configuration
))
Package: listings 2015/06/04 1.6 (Carsten Heinz)

("C:\Program Files\MiKTeX 2.9\tex\latex\graphics\color.sty"
Package: color 2005/11/14 v1.0j Standard LaTeX Color (DPC)

("C:\Program Files\MiKTeX 2.9\tex\latex\00miktex\color.cfg"
File: color.cfg 2007/01/18 v1.5 color configuration of teTeX/TeXLive
)
Package color Info: Driver file: pdftex.def on input line 130.
)
("C:\Program Files\MiKTeX 2.9\tex\latex\base\fontenc.sty"
Package: fontenc 2005/09/27 v1.99g Standard LaTeX package

("C:\Program Files\MiKTeX 2.9\tex\latex\base\t1enc.def"
File: t1enc.def 2005/09/27 v1.99g Standard LaTeX file
LaTeX Font Info:    Redeclaring font encoding T1 on input line 43.
))
("C:\Program Files\MiKTeX 2.9\tex\latex\listings\lstlang1.sty"
File: lstlang1.sty 2015/06/04 1.6 listings language file
)
("D:\cov ops\IIITD\CSE648 - Privacy and Security in Online Social Media\Home As
signment 1\result.aux")
LaTeX Font Info:    Checking defaults for OML/cmm/m/it on input line 82.
LaTeX Font Info:    ... okay on input line 82.
LaTeX Font Info:    Checking defaults for T1/cmr/m/n on input line 82.
LaTeX Font Info:    ... okay on input line 82.
LaTeX Font Info:    Checking defaults for OT1/cmr/m/n on input line 82.
LaTeX Font Info:    ... okay on input line 82.
LaTeX Font Info:    Checking defaults for OMS/cmsy/m/n on input line 82.
LaTeX Font Info:    ... okay on input line 82.
LaTeX Font Info:    Checking defaults for OMX/cmex/m/n on input line 82.
LaTeX Font Info:    ... okay on input line 82.
LaTeX Font Info:    Checking defaults for U/cmr/m/n on input line 82.
LaTeX Font Info:    ... okay on input line 82.
LaTeX Font Info:    Checking defaults for FML/futm/m/it on input line 82.
LaTeX Font Info:    Try loading font information for FML+futm on input line 82.


("C:\Program Files\MiKTeX 2.9\tex\latex\fourier\fmlfutm.fd"
File: fmlfutm.fd 2004/10/30 Fontinst v1.926 font definitions for FML/futm.
)
LaTeX Font Info:    ... okay on input line 82.
LaTeX Font Info:    Checking defaults for FMS/futm/m/n on input line 82.
LaTeX Font Info:    Try loading font information for FMS+futm on input line 82.


("C:\Program Files\MiKTeX 2.9\tex\latex\fourier\fmsfutm.fd"
File: fmsfutm.fd 2004/10/30 Fontinst v1.926 font definitions for FMS/futm.
)
LaTeX Font Info:    ... okay on input line 82.
LaTeX Font Info:    Checking defaults for FMX/futm/m/n on input line 82.
LaTeX Font Info:    Try loading font information for FMX+futm on input line 82.


("C:\Program Files\MiKTeX 2.9\tex\latex\fourier\fmxfutm.fd"
File: fmxfutm.fd futm-extension
)
LaTeX Font Info:    ... okay on input line 82.
LaTeX Font Info:    Checking defaults for TS1/cmr/m/n on input line 82.
LaTeX Font Info:    Try loading font information for TS1+cmr on input line 82.

("C:\Program Files\MiKTeX 2.9\tex\latex\base\ts1cmr.fd"
File: ts1cmr.fd 1999/05/25 v2.5h Standard LaTeX font definitions
)
LaTeX Font Info:    ... okay on input line 82.
LaTeX Font Info:    Checking defaults for PD1/pdf/m/n on input line 82.
LaTeX Font Info:    ... okay on input line 82.
LaTeX Font Info:    Try loading font information for T1+futs on input line 82.

("C:\Program Files\MiKTeX 2.9\tex\latex\fourier\t1futs.fd"
File: t1futs.fd 2004/03/02 Fontinst v1.926 font definitions for T1/futs.
)
("C:\Program Files\MiKTeX 2.9\tex\context\base\supp-pdf.mkii"
[Loading MPS to PDF converter (version 2006.09.02).]
\scratchcounter=\count123
\scratchdimen=\dimen123
\scratchbox=\box31
\nofMPsegments=\count124
\nofMParguments=\count125
\everyMPshowfont=\toks32
\MPscratchCnt=\count126
\MPscratchDim=\dimen124
\MPnumerator=\count127
\makeMPintoPDFobject=\count128
\everyMPtoPDFconversion=\toks33
)
\AtBeginShipoutBox=\box32
Package hyperref Info: Link coloring OFF on input line 82.
 ("C:\Program Files\MiKTeX 2.9\tex\latex\hyperref\nameref.sty"
Package: nameref 2012/10/27 v2.43 Cross-referencing by name of section

("C:\Program Files\MiKTeX 2.9\tex\generic\oberdiek\gettitlestring.sty"
Package: gettitlestring 2010/12/03 v1.4 Cleanup title references (HO)
)
\c@section@level=\count129
)
LaTeX Info: Redefining \ref on input line 82.
LaTeX Info: Redefining \pageref on input line 82.
LaTeX Info: Redefining \nameref on input line 82.

("D:\cov ops\IIITD\CSE648 - Privacy and Security in Online Social Media\Home As
signment 1\result.out")
("D:\cov ops\IIITD\CSE648 - Privacy and Security in Online Social Media\Home As
signment 1\result.out")
\@outlinefile=\write4
\c@lstlisting=\count130
LaTeX Font Info:    Try loading font information for T1+cmss on input line 86.
 ("C:\Program Files\MiKTeX 2.9\tex\latex\base\t1cmss.fd"
File: t1cmss.fd 1999/05/25 v2.5h Standard LaTeX font definitions
)
LaTeX Font Info:    Try loading font information for FML+futmi on input line 86
.
 ("C:\Program Files\MiKTeX 2.9\tex\latex\fourier\fmlfutmi.fd"
File: fmlfutmi.fd 2004/10/30 Fontinst v1.926 font definitions for FML/futmi.
)
LaTeX Font Info:    Font shape `FMX/futm/m/n' will be
(Font)              scaled to size 13.24796pt on input line 86.
LaTeX Font Info:    Font shape `FMX/futm/m/n' will be
(Font)              scaled to size 9.19998pt on input line 86.
LaTeX Font Info:    Font shape `FMX/futm/m/n' will be
(Font)              scaled to size 7.35999pt on input line 86.
LaTeX Font Info:    Font shape `U/futm/m/n' will be
(Font)              scaled to size 13.24796pt on input line 86.
LaTeX Font Info:    Font shape `U/futm/m/n' will be
(Font)              scaled to size 9.19998pt on input line 86.
LaTeX Font Info:    Font shape `U/futm/m/n' will be
(Font)              scaled to size 7.35999pt on input line 86.
LaTeX Font Info:    Try loading font information for U+msa on input line 86.

("C:\Program Files\MiKTeX 2.9\tex\latex\amsfonts\umsa.fd"
File: umsa.fd 2013/01/14 v3.01 AMS symbols A
)
LaTeX Font Info:    Try loading font information for U+msb on input line 86.

("C:\Program Files\MiKTeX 2.9\tex\latex\amsfonts\umsb.fd"
File: umsb.fd 2013/01/14 v3.01 AMS symbols B
)
Underfull \hbox (badness 10000) in paragraph at lines 91--93

 []

<cerc_year.png, id=87, 2301.34781pt x 1325.70282pt>
File: cerc_year.png Graphic file (type png)
 <use cerc_year.png>
Package pdftex.def Info: cerc_year.png used on input line 94.
(pdftex.def)             Requested size: 552.05383pt x 250.93541pt.

[1


{C:/ProgramData/MiKTeX/2.9/pdftex/config/pdftex.map} <D:/cov ops/IIITD/CSE648 -
 Privacy and Security in Online Social Media/Home Assignment 1/cerc_year.png>]
LaTeX Font Info:    Font shape `FMX/futm/m/n' will be
(Font)              scaled to size 10.07397pt on input line 101.
LaTeX Font Info:    Font shape `FMX/futm/m/n' will be
(Font)              scaled to size 7.63599pt on input line 101.
LaTeX Font Info:    Font shape `FMX/futm/m/n' will be
(Font)              scaled to size 5.51999pt on input line 101.
LaTeX Font Info:    Font shape `U/futm/m/n' will be
(Font)              scaled to size 10.07397pt on input line 101.
LaTeX Font Info:    Font shape `U/futm/m/n' will be
(Font)              scaled to size 7.63599pt on input line 101.
LaTeX Font Info:    Font shape `U/futm/m/n' will be
(Font)              scaled to size 5.51999pt on input line 101.
LaTeX Font Info:    Font shape `FMX/futm/m/n' will be
(Font)              scaled to size 6.99199pt on input line 104.
LaTeX Font Info:    Font shape `U/futm/m/n' will be
(Font)              scaled to size 6.99199pt on input line 104.
 <cerc2014-05_word_cloud_rel.png, id=97, 487.0998pt x 260.8947pt>
File: cerc2014-05_word_cloud_rel.png Graphic file (type png)

<use cerc2014-05_word_cloud_rel.png>
Package pdftex.def Info: cerc2014-05_word_cloud_rel.png used on input line 104.

(pdftex.def)             Requested size: 180.67566pt x 96.76837pt.

<cerc2014-11_word_cloud_rel.png, id=98, 487.0998pt x 260.8947pt>
File: cerc2014-11_word_cloud_rel.png Graphic file (type png)

<use cerc2014-11_word_cloud_rel.png>
Package pdftex.def Info: cerc2014-11_word_cloud_rel.png used on input line 107.

(pdftex.def)             Requested size: 180.67566pt x 96.76837pt.

<cerc2015-03_word_cloud_rel.png, id=99, 487.0998pt x 260.8947pt>
File: cerc2015-03_word_cloud_rel.png Graphic file (type png)

<use cerc2015-03_word_cloud_rel.png>
Package pdftex.def Info: cerc2015-03_word_cloud_rel.png used on input line 111.

(pdftex.def)             Requested size: 180.67566pt x 96.76837pt.

<cerc2015-06_word_cloud_rel.png, id=100, 487.0998pt x 260.8947pt>
File: cerc2015-06_word_cloud_rel.png Graphic file (type png)

<use cerc2015-06_word_cloud_rel.png>
Package pdftex.def Info: cerc2015-06_word_cloud_rel.png used on input line 114.

(pdftex.def)             Requested size: 180.67566pt x 96.76837pt.

Underfull \hbox (badness 10000) in paragraph at lines 120--121

 []

[2 <D:/cov ops/IIITD/CSE648 - Privacy and Security in Online Social Media/Home 
Assignment 1/cerc2014-05_word_cloud_rel.png> <D:/cov ops/IIITD/CSE648 - Privacy
 and Security in Online Social Media/Home Assignment 1/cerc2014-11_word_cloud_r
el.png> <D:/cov ops/IIITD/CSE648 - Privacy and Security in Online Social Media/
Home Assignment 1/cerc2015-03_word_cloud_rel.png> <D:/cov ops/IIITD/CSE648 - Pr
ivacy and Security in Online Social Media/Home Assignment 1/cerc2015-06_word_cl
oud_rel.png>]
Underfull \hbox (badness 10000) in paragraph at lines 124--126

 []

<blrcitypolice_year.png, id=110, 2412.76407pt x 1337.74782pt>
File: blrcitypolice_year.png Graphic file (type png)

<use blrcitypolice_year.png>
Package pdftex.def Info: blrcitypolice_year.png used on input line 128.
(pdftex.def)             Requested size: 552.05244pt x 311.16603pt.
 [3 <D:/cov ops/IIITD/CSE648 - Privacy and Security in Online Social Media/Home
 Assignment 1/blrcitypolice_year.png>]
<blrcitypolice2012-08_word_cloud_rel.png, id=116, 487.0998pt x 260.8947pt>
File: blrcitypolice2012-08_word_cloud_rel.png Graphic file (type png)

<use blrcitypolice2012-08_word_cloud_rel.png>
Package pdftex.def Info: blrcitypolice2012-08_word_cloud_rel.png used on input 
line 137.
(pdftex.def)             Requested size: 180.67566pt x 96.76837pt.

<blrcitypolice2015-01_word_cloud_rel.png, id=117, 487.0998pt x 260.8947pt>
File: blrcitypolice2015-01_word_cloud_rel.png Graphic file (type png)

<use blrcitypolice2015-01_word_cloud_rel.png>
Package pdftex.def Info: blrcitypolice2015-01_word_cloud_rel.png used on input 
line 140.
(pdftex.def)             Requested size: 180.67566pt x 96.76837pt.

<blrcitypolice2015-03_word_cloud_rel.png, id=118, 487.0998pt x 260.8947pt>
File: blrcitypolice2015-03_word_cloud_rel.png Graphic file (type png)

<use blrcitypolice2015-03_word_cloud_rel.png>
Package pdftex.def Info: blrcitypolice2015-03_word_cloud_rel.png used on input 
line 144.
(pdftex.def)             Requested size: 180.67566pt x 96.76837pt.

<blrcitypolice2015-08_word_cloud_rel.png, id=119, 487.0998pt x 260.8947pt>
File: blrcitypolice2015-08_word_cloud_rel.png Graphic file (type png)

<use blrcitypolice2015-08_word_cloud_rel.png>
Package pdftex.def Info: blrcitypolice2015-08_word_cloud_rel.png used on input 
line 147.
(pdftex.def)             Requested size: 180.67566pt x 96.76837pt.
 [4 <D:/cov ops/IIITD/CSE648 - Privacy and Security in Online Social Media/Home
 Assignment 1/blrcitypolice2012-08_word_cloud_rel.png> <D:/cov ops/IIITD/CSE648
 - Privacy and Security in Online Social Media/Home Assignment 1/blrcitypolice2
015-01_word_cloud_rel.png> <D:/cov ops/IIITD/CSE648 - Privacy and Security in O
nline Social Media/Home Assignment 1/blrcitypolice2015-03_word_cloud_rel.png> <
D:/cov ops/IIITD/CSE648 - Privacy and Security in Online Social Media/Home Assi
gnment 1/blrcitypolice2015-08_word_cloud_rel.png>]
Underfull \hbox (badness 10000) in paragraph at lines 158--160

 []

<ponguru_year.png, id=130, 2277.25781pt x 1322.69156pt>
File: ponguru_year.png Graphic file (type png)
 <use ponguru_year.png>
Package pdftex.def Info: ponguru_year.png used on input line 161.
(pdftex.def)             Requested size: 552.04324pt x 311.15549pt.

[5 <D:/cov ops/IIITD/CSE648 - Privacy and Security in Online Social Media/Home 
Assignment 1/ponguru_year.png>]
<ponguru2011-04_word_cloud_rel.png, id=136, 487.0998pt x 260.8947pt>
File: ponguru2011-04_word_cloud_rel.png Graphic file (type png)

<use ponguru2011-04_word_cloud_rel.png>
Package pdftex.def Info: ponguru2011-04_word_cloud_rel.png used on input line 1
70.
(pdftex.def)             Requested size: 180.67566pt x 96.76837pt.

<ponguru2013-03_word_cloud_rel.png, id=137, 487.0998pt x 260.8947pt>
File: ponguru2013-03_word_cloud_rel.png Graphic file (type png)

<use ponguru2013-03_word_cloud_rel.png>
Package pdftex.def Info: ponguru2013-03_word_cloud_rel.png used on input line 1
73.
(pdftex.def)             Requested size: 180.67566pt x 96.76837pt.

<ponguru2014-02_word_cloud_rel.png, id=138, 487.0998pt x 260.8947pt>
File: ponguru2014-02_word_cloud_rel.png Graphic file (type png)

<use ponguru2014-02_word_cloud_rel.png>
Package pdftex.def Info: ponguru2014-02_word_cloud_rel.png used on input line 1
77.
(pdftex.def)             Requested size: 180.67566pt x 96.76837pt.

<ponguru2015-07_word_cloud_rel.png, id=139, 487.0998pt x 260.8947pt>
File: ponguru2015-07_word_cloud_rel.png Graphic file (type png)

<use ponguru2015-07_word_cloud_rel.png>
Package pdftex.def Info: ponguru2015-07_word_cloud_rel.png used on input line 1
80.
(pdftex.def)             Requested size: 180.67566pt x 96.76837pt.
 [6 <D:/cov ops/IIITD/CSE648 - Privacy and Security in Online Social Media/Home
 Assignment 1/ponguru2011-04_word_cloud_rel.png> <D:/cov ops/IIITD/CSE648 - Pri
vacy and Security in Online Social Media/Home Assignment 1/ponguru2013-03_word_
cloud_rel.png> <D:/cov ops/IIITD/CSE648 - Privacy and Security in Online Social
 Media/Home Assignment 1/ponguru2014-02_word_cloud_rel.png> <D:/cov ops/IIITD/C
SE648 - Privacy and Security in Online Social Media/Home Assignment 1/ponguru20
15-07_word_cloud_rel.png>]
Underfull \hbox (badness 10000) in paragraph at lines 188--191

 []

<thekiranbedi_year.png, id=149, 2355.55031pt x 1307.63531pt>
File: thekiranbedi_year.png Graphic file (type png)

<use thekiranbedi_year.png>
Package pdftex.def Info: thekiranbedi_year.png used on input line 192.
(pdftex.def)             Requested size: 552.04482pt x 311.1652pt.

Overfull \hbox (0.65761pt too wide) in paragraph at lines 194--195
\T1/futs/m/n/10.95 The graph for theki-ranbedi han-dle is much denser then pong
uru and CER-CatI-I-ITD, this shows
 []


Underfull \hbox (badness 10000) in paragraph at lines 194--195

 []

[7 <D:/cov ops/IIITD/CSE648 - Privacy and Security in Online Social Media/Home 
Assignment 1/thekiranbedi_year.png>]
<thekiranbedi2014-11_word_cloud_rel.png, id=156, 487.0998pt x 260.8947pt>
File: thekiranbedi2014-11_word_cloud_rel.png Graphic file (type png)

<use thekiranbedi2014-11_word_cloud_rel.png>
Package pdftex.def Info: thekiranbedi2014-11_word_cloud_rel.png used on input l
ine 202.
(pdftex.def)             Requested size: 180.67566pt x 96.76837pt.

<thekiranbedi2015-05_word_cloud_rel.png, id=157, 487.0998pt x 260.8947pt>
File: thekiranbedi2015-05_word_cloud_rel.png Graphic file (type png)

<use thekiranbedi2015-05_word_cloud_rel.png>
Package pdftex.def Info: thekiranbedi2015-05_word_cloud_rel.png used on input l
ine 205.
(pdftex.def)             Requested size: 180.67566pt x 96.76837pt.

<thekiranbedi2015-07_word_cloud_rel.png, id=158, 487.0998pt x 260.8947pt>
File: thekiranbedi2015-07_word_cloud_rel.png Graphic file (type png)

<use thekiranbedi2015-07_word_cloud_rel.png>
Package pdftex.def Info: thekiranbedi2015-07_word_cloud_rel.png used on input l
ine 209.
(pdftex.def)             Requested size: 180.67566pt x 96.76837pt.

<thekiranbedi2015-08_word_cloud_rel.png, id=159, 487.0998pt x 260.8947pt>
File: thekiranbedi2015-08_word_cloud_rel.png Graphic file (type png)

<use thekiranbedi2015-08_word_cloud_rel.png>
Package pdftex.def Info: thekiranbedi2015-08_word_cloud_rel.png used on input l
ine 212.
(pdftex.def)             Requested size: 180.67566pt x 96.76837pt.
 [8 <D:/cov ops/IIITD/CSE648 - Privacy and Security in Online Social Media/Home
 Assignment 1/thekiranbedi2014-11_word_cloud_rel.png> <D:/cov ops/IIITD/CSE648 
- Privacy and Security in Online Social Media/Home Assignment 1/thekiranbedi201
5-05_word_cloud_rel.png> <D:/cov ops/IIITD/CSE648 - Privacy and Security in Onl
ine Social Media/Home Assignment 1/thekiranbedi2015-07_word_cloud_rel.png> <D:/
cov ops/IIITD/CSE648 - Privacy and Security in Online Social Media/Home Assignm
ent 1/thekiranbedi2015-08_word_cloud_rel.png>] <cerc_word_cloud_rel.png, id=169
, 465.99094pt x 232.61906pt>
File: cerc_word_cloud_rel.png Graphic file (type png)

<use cerc_word_cloud_rel.png>
Package pdftex.def Info: cerc_word_cloud_rel.png used on input line 226.
(pdftex.def)             Requested size: 180.67566pt x 90.19218pt.

<blrcitypolice_word_cloud_rel.png, id=170, 467.49657pt x 233.37187pt>
File: blrcitypolice_word_cloud_rel.png Graphic file (type png)

<use blrcitypolice_word_cloud_rel.png>
Package pdftex.def Info: blrcitypolice_word_cloud_rel.png used on input line 22
9.
(pdftex.def)             Requested size: 180.67566pt x 90.19208pt.

<ponguru_word_cloud_rel.png, id=171, 468.24937pt x 232.61906pt>
File: ponguru_word_cloud_rel.png Graphic file (type png)

<use ponguru_word_cloud_rel.png>
Package pdftex.def Info: ponguru_word_cloud_rel.png used on input line 233.
(pdftex.def)             Requested size: 180.67566pt x 89.75916pt.

<thekiranbedi_word_cloud_rel.png, id=172, 466.74374pt x 233.37187pt>
File: thekiranbedi_word_cloud_rel.png Graphic file (type png)

<use thekiranbedi_word_cloud_rel.png>
Package pdftex.def Info: thekiranbedi_word_cloud_rel.png used on input line 236
.
(pdftex.def)             Requested size: 180.67566pt x 90.33807pt.
 [9 <D:/cov ops/IIITD/CSE648 - Privacy and Security in Online Social Media/Home
 Assignment 1/cerc_word_cloud_rel.png> <D:/cov ops/IIITD/CSE648 - Privacy and S
ecurity in Online Social Media/Home Assignment 1/blrcitypolice_word_cloud_rel.p
ng> <D:/cov ops/IIITD/CSE648 - Privacy and Security in Online Social Media/Home
 Assignment 1/ponguru_word_cloud_rel.png> <D:/cov ops/IIITD/CSE648 - Privacy an
d Security in Online Social Media/Home Assignment 1/thekiranbedi_word_cloud_rel
.png>]
Underfull \hbox (badness 10000) in paragraph at lines 244--247

 []

<blrcitypolice_senti_time.png, id=181, 2512.13531pt x 1166.10657pt>
File: blrcitypolice_senti_time.png Graphic file (type png)

<use blrcitypolice_senti_time.png>
Package pdftex.def Info: blrcitypolice_senti_time.png used on input line 248.
(pdftex.def)             Requested size: 552.05817pt x 311.15196pt.
 [10 <D:/cov ops/IIITD/CSE648 - Privacy and Security in Online Social Media/Hom
e Assignment 1/blrcitypolice_senti_time.png>] <ponguru_senti_time.png, id=187, 
2536.22531pt x 1193.20781pt>
File: ponguru_senti_time.png Graphic file (type png)

<use ponguru_senti_time.png>
Package pdftex.def Info: ponguru_senti_time.png used on input line 253.
(pdftex.def)             Requested size: 552.05026pt x 311.15526pt.
 [11 <D:/cov ops/IIITD/CSE648 - Privacy and Security in Online Social Media/Hom
e Assignment 1/ponguru_senti_time.png>]
<thekiranbedi_senti_time.png, id=193, 2512.13531pt x 1145.02782pt>
File: thekiranbedi_senti_time.png Graphic file (type png)

<use thekiranbedi_senti_time.png>
Package pdftex.def Info: thekiranbedi_senti_time.png used on input line 258.
(pdftex.def)             Requested size: 552.05817pt x 311.15341pt.
 [12 <D:/cov ops/IIITD/CSE648 - Privacy and Security in Online Social Media/Hom
e Assignment 1/thekiranbedi_senti_time.png>]
<blrcitypolice_sentiment_dist.png, id=199, 471.26062pt x 378.66469pt>
File: blrcitypolice_sentiment_dist.png Graphic file (type png)

<use blrcitypolice_sentiment_dist.png>
Package pdftex.def Info: blrcitypolice_sentiment_dist.png used on input line 26
9.
(pdftex.def)             Requested size: 130.48514pt x 130.48923pt.

<ponguru_sentiment_dist.png, id=200, 438.8897pt x 375.65344pt>
File: ponguru_sentiment_dist.png Graphic file (type png)

<use ponguru_sentiment_dist.png>
Package pdftex.def Info: ponguru_sentiment_dist.png used on input line 272.
(pdftex.def)             Requested size: 130.48926pt x 130.48903pt.

<thekiranbedi_sentiment_dist.png, id=201, 407.27156pt x 392.96812pt>
File: thekiranbedi_sentiment_dist.png Graphic file (type png)

<use thekiranbedi_sentiment_dist.png>
Package pdftex.def Info: thekiranbedi_sentiment_dist.png used on input line 275
.
(pdftex.def)             Requested size: 130.48491pt x 130.48936pt.

Overfull \hbox (9.20375pt too wide) in paragraph at lines 266--279
 [][] 
 []

[13 <D:/cov ops/IIITD/CSE648 - Privacy and Security in Online Social Media/Home
 Assignment 1/blrcitypolice_sentiment_dist.png> <D:/cov ops/IIITD/CSE648 - Priv
acy and Security in Online Social Media/Home Assignment 1/ponguru_sentiment_dis
t.png> <D:/cov ops/IIITD/CSE648 - Privacy and Security in Online Social Media/H
ome Assignment 1/thekiranbedi_sentiment_dist.png>]
Package hyperref Info: bookmark level for unknown lstlisting defaults to 0 on i
nput line 282.
LaTeX Font Info:    Try loading font information for T1+cmtt on input line 282.


("C:\Program Files\MiKTeX 2.9\tex\latex\base\t1cmtt.fd"
File: t1cmtt.fd 1999/05/25 v2.5h Standard LaTeX font definitions
)
("D:\cov ops\IIITD\CSE648 - Privacy and Security in Online Social Media\Home As
signment 1\get-data.py" [14]
Overfull \hbox (331.31537pt too wide) in paragraph at lines 70--71
[][][][][][][][][][][][][][][][][][][][][][][][][][][][][][][][][][][][][][][][
][][][][][][][][][][][][][][][][][][][][][][][][][][][][][][][][][][][][][][][]
[][][][][][][][][][][][][][][][][][][][][][][][][][][][][][][]  
 []


Overfull \hbox (625.24359pt too wide) in paragraph at lines 71--72
[][][][][][][][][][][][][][][][][][][][][][][][][][][][][][][][][][][][][][][][
][][][][][][][][][][][][][][][][][][][][][][][][][][][][][][][][][][][][][][][]
[][][][][][][][][][][][][][][][][][][][][][][][][][][][][][][][][][][][][][][][
][][][]  
 []


Overfull \hbox (421.53845pt too wide) in paragraph at lines 73--74
[][][][][][][][][][][][][][][][][][][][][][][][][][][][][][][][][][][][][][][][
][][][][][][][][][][][][][][][][][][][][][][][][][][][][][][][][][][][][][][][]
[][][][][][][][][][][][][][][][][][][]  
 []

) [15]
("D:\cov ops\IIITD\CSE648 - Privacy and Security in Online Social Media\Home As
signment 1\get-data2.py" [16]
Overfull \hbox (267.28137pt too wide) in paragraph at lines 61--62
[][][][][][][][][][][][][][][][][][][][][][][][][][][][][][][][][][][][][][][][
][][][][][][][][][][][][][][][][][][][][][][][][][]  
 []

) [17]
("D:\cov ops\IIITD\CSE648 - Privacy and Security in Online Social Media\Home As
signment 1\fb-data.list"
Overfull \hbox (683.97528pt too wide) in paragraph at lines 2--3
[][][][]  
 []

) [18]
("D:\cov ops\IIITD\CSE648 - Privacy and Security in Online Social Media\Home As
signment 1\twitter-get-data.py" [19]
Overfull \hbox (12.19385pt too wide) in paragraph at lines 60--61
[][][][][][][][][][][][][][][][][][][][][][][][][][][][][][][][][][] 
 []

) [20]
("D:\cov ops\IIITD\CSE648 - Privacy and Security in Online Social Media\Home As
signment 1\time_series_analaysis.py"
Overfull \hbox (146.56085pt too wide) in paragraph at lines 27--28
[][][][][][][][][][][][][][][][][][][][][][][][][][][][][][][][][][][][][][][][
][][][][][][][][][][][][][][][][][][][] 
 []

[21]) [22]
("D:\cov ops\IIITD\CSE648 - Privacy and Security in Online Social Media\Home As
signment 1\word_cloud_spikes.py" [23]) [24]
("D:\cov ops\IIITD\CSE648 - Privacy and Security in Online Social Media\Home As
signment 1\word_cloud.py" [25]) [26]
("D:\cov ops\IIITD\CSE648 - Privacy and Security in Online Social Media\Home As
signment 1\sentiment_analysis2.py" [27]
Overfull \hbox (184.29675pt too wide) in paragraph at lines 49--50
[][][][][][][][][][][][][][][][][][][][][][][][][][][][][][][][][][][][][][][][
][][][][][][][][][][][][][][][][][][][][][][][][][][][][][][][][][][][][][][][]
  
 []


Overfull \hbox (168.5506pt too wide) in paragraph at lines 50--54
[][][][][][][][][][][][][][][][][][][][][][][][][][][][][][][][][][][][][][][][
][][][][][][][][][][][][][][][][][][][][][][]  
 []

) [28]
("D:\cov ops\IIITD\CSE648 - Privacy and Security in Online Social Media\Home As
signment 1\senti_time_series.py" [29]) [30]
("D:\cov ops\IIITD\CSE648 - Privacy and Security in Online Social Media\Home As
signment 1\darw_sentiment_pie.py")
Package atveryend Info: Empty hook `BeforeClearDocument' on input line 310.
 [31]
Package atveryend Info: Empty hook `AfterLastShipout' on input line 310.

("D:\cov ops\IIITD\CSE648 - Privacy and Security in Online Social Media\Home As
signment 1\result.aux")
Package atveryend Info: Executing hook `AtVeryEndDocument' on input line 310.
Package atveryend Info: Executing hook `AtEndAfterFileList' on input line 310.
Package rerunfilecheck Info: File `result.out' has not changed.
(rerunfilecheck)             Checksum: 6E4D68E9694C915EB4F8170AA739C41A;2294.
Package atveryend Info: Empty hook `AtVeryVeryEnd' on input line 310.
 ) 
Here is how much of TeX's memory you used:
 12207 strings out of 493921
 197602 string characters out of 3147283
 382306 words of memory out of 3000000
 14591 multiletter control sequences out of 15000+200000
 79220 words of font info for 91 fonts, out of 3000000 for 9000
 841 hyphenation exceptions out of 8191
 45i,19n,50p,570b,1856s stack positions out of 5000i,500n,10000p,200000b,50000s
 <C:\Users\sagar\AppData\Local\MiKTeX\2.9\fonts\pk\ljfour\jknappen\ec\dpi600\
ectt1000.pk> <C:\Users\sagar\AppData\Local\MiKTeX\2.9\fonts\pk\ljfour\jknappen\
ec\dpi600\ecsx1200.pk>{C:/Program Files/MiKTeX 2.9/fonts/enc/dvips/fontname/8r.
enc}<C:/Program Files/MiKTeX 2.9/fonts/type1/adobe/utopia/putr8a.pfb>
Output written on result.pdf (31 pages, 4537853 bytes).
PDF statistics:
 1191 PDF objects out of 1200 (max. 8388607)
 669 named destinations out of 1000 (max. 500000)
 319 words of extra memory for PDF output out of 10000 (max. 10000000)

